No grid search config file provided. Running single training
Loading case30_ieee dataset
GPSTransformer(
  (layers): ModuleList(
    (0-7): 8 x ModuleDict(
      (conv): GPSConv(256, conv=GINEConv(nn=Sequential(
        (0): Linear(in_features=256, out_features=256, bias=True)
        (1): LeakyReLU(negative_slope=0.01)
      )), heads=8, attn_type=multihead)
      (norm): BatchNorm1d(256, eps=1e-05, momentum=0.1, affine=True, track_running_stats=True)
    )
  )
  (encoder): Sequential(
    (0): Linear(in_features=9, out_features=236, bias=True)
    (1): LeakyReLU(negative_slope=0.01)
  )
  (input_norm): BatchNorm1d(236, eps=1e-05, momentum=0.1, affine=True, track_running_stats=True)
  (pe_norm): BatchNorm1d(20, eps=1e-05, momentum=0.1, affine=True, track_running_stats=True)
  (pre_decoder_norm): BatchNorm1d(256, eps=1e-05, momentum=0.1, affine=True, track_running_stats=True)
  (decoder): Sequential(
    (0): Linear(in_features=256, out_features=256, bias=True)
    (1): LeakyReLU(negative_slope=0.01)
    (2): Linear(in_features=256, out_features=6, bias=True)
  )
)
Model parameters:  4828222
=== Training Complete ===
